Problem:    courses_factrional
Rows:       12
Columns:    4
Non-zeros:  24
Status:     OPTIMAL
Objective:  hassle = 8 (MINimum)

   No.   Row name   St   Activity     Lower bound   Upper bound    Marginal
------ ------------ -- ------------- ------------- ------------- -------------
     1 hassle       B              8                             
     2 point_constraints[natural]
                    NL            10            10                    0.153846 
     3 point_constraints[social]
                    NL            10            10                         0.5 
     4 point_constraints[humanity]
                    NL            10            10                    0.192308 
     5 nonnegative[neuroscience]
                    B              0            -0               
     6 nonnegative[statistics]
                    B              1            -0               
     7 nonnegative[biophysics]
                    B              1            -0               
     8 nonnegative[warming]
                    B            0.5            -0               
     9 smaller_than_one[neuroscience]
                    B              0                           1 
    10 smaller_than_one[statistics]
                    B              1                           1 
    11 smaller_than_one[biophysics]
                    NU             1                           1     -0.461538 
    12 smaller_than_one[warming]
                    B            0.5                           1 

   No. Column name  St   Activity     Lower bound   Upper bound    Marginal
------ ------------ -- ------------- ------------- ------------- -------------
     1 take[neuroscience]
                    B              0                             
     2 take[statistics]
                    B              1                             
     3 take[biophysics]
                    B              1                             
     4 take[warming]
                    B            0.5                             

Karush-Kuhn-Tucker optimality conditions:

KKT.PE: max.abs.err = 1.78e-15 on row 3
        max.rel.err = 8.46e-17 on row 3
        High quality

KKT.PB: max.abs.err = 4.10e-16 on row 5
        max.rel.err = 4.10e-16 on row 5
        High quality

KKT.DE: max.abs.err = 8.88e-16 on column 1
        max.rel.err = 8.07e-17 on column 1
        High quality

KKT.DB: max.abs.err = 0.00e+00 on row 0
        max.rel.err = 0.00e+00 on row 0
        High quality

End of output
