Problem:    courses
Rows:       8
Columns:    4 (4 integer, 4 binary)
Non-zeros:  20
Status:     INTEGER OPTIMAL
Objective:  hassle = 9 (MINimum)

   No.   Row name        Activity     Lower bound   Upper bound
------ ------------    ------------- ------------- -------------
     1 hassle                      9                             
     2 point_constraints[natural]
                                  12            10               
     3 point_constraints[social]
                                  11            10               
     4 point_constraints[humanity]
                                  11            10               
     5 nonnegative[neuroscience]
                                   0            -0               
     6 nonnegative[statistics]
                                   1            -0               
     7 nonnegative[biophysics]
                                   1            -0               
     8 nonnegative[warming]
                                   1            -0               

   No. Column name       Activity     Lower bound   Upper bound
------ ------------    ------------- ------------- -------------
     1 take[neuroscience]
                    *              0             0             1 
     2 take[statistics]
                    *              1             0             1 
     3 take[biophysics]
                    *              1             0             1 
     4 take[warming]
                    *              1             0             1 

Integer feasibility conditions:

KKT.PE: max.abs.err = 0.00e+00 on row 0
        max.rel.err = 0.00e+00 on row 0
        High quality

KKT.PB: max.abs.err = 0.00e+00 on row 0
        max.rel.err = 0.00e+00 on row 0
        High quality

End of output
