Problem:    auctioneer_integral
Rows:       5
Columns:    6 (5 integer, 5 binary)
Non-zeros:  25
Status:     INTEGER OPTIMAL
Objective:  profit = 1 (MAXimum)

   No.   Row name        Activity     Lower bound   Upper bound
------ ------------    ------------- ------------- -------------
     1 profit                      1                             
     2 worst_case_profit_constraint[s1]
                                  -2                          -0 
     3 worst_case_profit_constraint[s2]
                                   0                          -0 
     4 worst_case_profit_constraint[s3]
                                   0                          -0 
     5 worst_case_profit_constraint[s4]
                                  -3                          -0 

   No. Column name       Activity     Lower bound   Upper bound
------ ------------    ------------- ------------- -------------
     1 accepted[b1] *              1             0             1 
     2 accepted[b2] *              1             0             1 
     3 accepted[b3] *              1             0             1 
     4 accepted[b4] *              0             0             1 
     5 accepted[b5] *              0             0             1 
     6 worst_case_profit
                                   1                             

Integer feasibility conditions:

KKT.PE: max.abs.err = 0.00e+00 on row 0
        max.rel.err = 0.00e+00 on row 0
        High quality

KKT.PB: max.abs.err = 0.00e+00 on row 0
        max.rel.err = 0.00e+00 on row 0
        High quality

End of output
